2025-02-27T14:40:51.125+05:30  INFO 18024 --- [Employee-Payroll-App] [main] c.c.e.EmployeePayrollAppApplication      : Starting EmployeePayrollAppApplication using Java 23.0.2 with PID 18024 (C:\Users\tanda\OneDrive\Documents\Desktop\Training\Employee-Payroll-App\target\classes started by tanda in C:\Users\tanda\OneDrive\Documents\Desktop\Training\Employee-Payroll-App)
2025-02-27T14:40:51.127+05:30 DEBUG 18024 --- [Employee-Payroll-App] [main] c.c.e.EmployeePayrollAppApplication      : Running with Spring Boot v3.4.3, Spring v6.2.3
2025-02-27T14:40:51.127+05:30  INFO 18024 --- [Employee-Payroll-App] [main] c.c.e.EmployeePayrollAppApplication      : No active profile set, falling back to 1 default profile: "default"
2025-02-27T14:40:51.718+05:30  INFO 18024 --- [Employee-Payroll-App] [main] .s.d.r.c.RepositoryConfigurationDelegate : Bootstrapping Spring Data JPA repositories in DEFAULT mode.
2025-02-27T14:40:51.775+05:30  INFO 18024 --- [Employee-Payroll-App] [main] .s.d.r.c.RepositoryConfigurationDelegate : Finished Spring Data repository scanning in 49 ms. Found 1 JPA repository interface.
2025-02-27T14:40:52.237+05:30  INFO 18024 --- [Employee-Payroll-App] [main] o.s.b.w.embedded.tomcat.TomcatWebServer  : Tomcat initialized with port 8080 (http)
2025-02-27T14:40:52.250+05:30  INFO 18024 --- [Employee-Payroll-App] [main] o.apache.catalina.core.StandardService   : Starting service [Tomcat]
2025-02-27T14:40:52.250+05:30  INFO 18024 --- [Employee-Payroll-App] [main] o.apache.catalina.core.StandardEngine    : Starting Servlet engine: [Apache Tomcat/10.1.36]
2025-02-27T14:40:52.290+05:30  INFO 18024 --- [Employee-Payroll-App] [main] o.a.c.c.C.[Tomcat].[localhost].[/]       : Initializing Spring embedded WebApplicationContext
2025-02-27T14:40:52.290+05:30  INFO 18024 --- [Employee-Payroll-App] [main] w.s.c.ServletWebServerApplicationContext : Root WebApplicationContext: initialization completed in 1111 ms
2025-02-27T14:40:52.423+05:30  INFO 18024 --- [Employee-Payroll-App] [main] o.hibernate.jpa.internal.util.LogHelper  : HHH000204: Processing PersistenceUnitInfo [name: default]
2025-02-27T14:40:52.476+05:30  INFO 18024 --- [Employee-Payroll-App] [main] org.hibernate.Version                    : HHH000412: Hibernate ORM core version 6.6.8.Final
2025-02-27T14:40:52.511+05:30  INFO 18024 --- [Employee-Payroll-App] [main] o.h.c.internal.RegionFactoryInitiator    : HHH000026: Second-level cache disabled
2025-02-27T14:40:52.730+05:30  INFO 18024 --- [Employee-Payroll-App] [main] o.s.o.j.p.SpringPersistenceUnitInfo      : No LoadTimeWeaver setup: ignoring JPA class transformer
2025-02-27T14:40:52.757+05:30  INFO 18024 --- [Employee-Payroll-App] [main] com.zaxxer.hikari.HikariDataSource       : HikariPool-1 - Starting...
2025-02-27T14:40:53.096+05:30  INFO 18024 --- [Employee-Payroll-App] [main] com.zaxxer.hikari.pool.HikariPool        : HikariPool-1 - Added connection com.mysql.cj.jdbc.ConnectionImpl@1f71e024
2025-02-27T14:40:53.100+05:30  INFO 18024 --- [Employee-Payroll-App] [main] com.zaxxer.hikari.HikariDataSource       : HikariPool-1 - Start completed.
2025-02-27T14:40:53.141+05:30  WARN 18024 --- [Employee-Payroll-App] [main] org.hibernate.orm.deprecation            : HHH90000025: MySQLDialect does not need to be specified explicitly using 'hibernate.dialect' (remove the property setting and it will be selected by default)
2025-02-27T14:40:53.158+05:30  INFO 18024 --- [Employee-Payroll-App] [main] org.hibernate.orm.connections.pooling    : HHH10001005: Database info:
	Database JDBC URL [Connecting through datasource 'HikariDataSource (HikariPool-1)']
	Database driver: undefined/unknown
	Database version: 8.0.41
	Autocommit mode: undefined/unknown
	Isolation level: undefined/unknown
	Minimum pool size: undefined/unknown
	Maximum pool size: undefined/unknown
2025-02-27T14:40:53.736+05:30  INFO 18024 --- [Employee-Payroll-App] [main] o.h.e.t.j.p.i.JtaPlatformInitiator       : HHH000489: No JTA platform available (set 'hibernate.transaction.jta.platform' to enable JTA platform integration)
2025-02-27T14:40:53.775+05:30  INFO 18024 --- [Employee-Payroll-App] [main] j.LocalContainerEntityManagerFactoryBean : Initialized JPA EntityManagerFactory for persistence unit 'default'
2025-02-27T14:40:53.830+05:30  WARN 18024 --- [Employee-Payroll-App] [main] JpaBaseConfiguration$JpaWebConfiguration : spring.jpa.open-in-view is enabled by default. Therefore, database queries may be performed during view rendering. Explicitly configure spring.jpa.open-in-view to disable this warning
2025-02-27T14:40:54.328+05:30  INFO 18024 --- [Employee-Payroll-App] [main] o.s.b.w.embedded.tomcat.TomcatWebServer  : Tomcat started on port 8080 (http) with context path '/'
2025-02-27T14:40:54.336+05:30  INFO 18024 --- [Employee-Payroll-App] [main] c.c.e.EmployeePayrollAppApplication      : Started EmployeePayrollAppApplication in 3.662 seconds (process running for 4.028)
2025-02-27T14:41:16.559+05:30  INFO 18024 --- [Employee-Payroll-App] [SpringApplicationShutdownHook] o.s.b.w.e.tomcat.GracefulShutdown        : Commencing graceful shutdown. Waiting for active requests to complete
2025-02-27T14:41:16.564+05:30  INFO 18024 --- [Employee-Payroll-App] [tomcat-shutdown] o.s.b.w.e.tomcat.GracefulShutdown        : Graceful shutdown complete
2025-02-27T14:41:16.567+05:30  INFO 18024 --- [Employee-Payroll-App] [SpringApplicationShutdownHook] j.LocalContainerEntityManagerFactoryBean : Closing JPA EntityManagerFactory for persistence unit 'default'
2025-02-27T14:41:16.568+05:30  INFO 18024 --- [Employee-Payroll-App] [SpringApplicationShutdownHook] com.zaxxer.hikari.HikariDataSource       : HikariPool-1 - Shutdown initiated...
2025-02-27T14:41:16.574+05:30  INFO 18024 --- [Employee-Payroll-App] [SpringApplicationShutdownHook] com.zaxxer.hikari.HikariDataSource       : HikariPool-1 - Shutdown completed.
